#
# A fatal error has been detected by the Java Runtime Environment:
#
#  EXCEPTION_ACCESS_VIOLATION (0xc0000005) at pc=0x0000027f9c705ab6, pid=11520, tid=6756
#
# JRE version: OpenJDK Runtime Environment (11.0.10) (build 11.0.10+0-b96-7249189)
# Java VM: OpenJDK 64-Bit Server VM (11.0.10+0-b96-7249189, mixed mode, tiered, compressed oops, g1 gc, windows-amd64)
# Problematic frame:
# J 8566 c1 org.objectweb.asm.ClassReader.readMethod(Lorg/objectweb/asm/ClassVisitor;Lorg/objectweb/asm/Context;I)I (1052 bytes) @ 0x0000027f9c705ab6 [0x0000027f9c7018a0+0x0000000000004216]
#
# No core dump will be written. Minidumps are not enabled by default on client versions of Windows
#
# If you would like to submit a bug report, please visit:
#   https://bugreport.java.com/bugreport/crash.jsp
#

---------------  S U M M A R Y ------------

Command Line: --add-opens=java.base/java.util=ALL-UNNAMED --add-opens=java.base/java.lang=ALL-UNNAMED --add-opens=java.base/java.lang.invoke=ALL-UNNAMED --add-opens=java.prefs/java.util.prefs=ALL-UNNAMED -Xmx2048m -Dfile.encoding=windows-1252 -Duser.country=US -Duser.language=en -Duser.variant org.gradle.launcher.daemon.bootstrap.GradleDaemon 6.1.1

Host: Intel(R) Core(TM) i5-2520M CPU @ 2.50GHz, 4 cores, 7G,  Windows 10 , 64 bit Build 19041 (10.0.19041.207)
Time: Wed Sep 29 14:50:54 2021 Pacific Daylight Time elapsed time: 1954.829101 seconds (0d 0h 32m 34s)

---------------  T H R E A D  ---------------

Current thread (0x0000027fb438e800):  JavaThread "Daemon worker Thread 5" [_thread_in_Java, id=6756, stack(0x0000009c7b600000,0x0000009c7b700000)]

Stack: [0x0000009c7b600000,0x0000009c7b700000],  sp=0x0000009c7b6faa50,  free space=1002k
Native frames: (J=compiled Java code, j=interpreted, Vv=VM code, C=native code)
C  0x0000027f9c705ab6


siginfo: EXCEPTION_ACCESS_VIOLATION (0xc0000005), writing address 0x0000027f95922350


Register to memory mapping:

RIP=0x0000027f9c705ab6 is at entry_point+16918 in (nmethod*)0x0000027f9c701110
RAX=0x000000008ae89f10 is an oop: org.gradle.groovy.scripts.internal.FileCacheBackedScriptClassCompiler$BuildScriptRemapper$MethodRenamer 
{0x000000008ae89f10} - klass: 'org/gradle/groovy/scripts/internal/FileCacheBackedScriptClassCompiler$BuildScriptRemapper$MethodRenamer'
RBX=0x0000000000000132 is an unknown value
RCX=0x0000000000000002 is an unknown value
RDX=0x0000027fbd0c6660 is pointing into metadata
RSP=0x0000009c7b6faa50 is pointing into the stack for thread: 0x0000027fb438e800
RBP=0x0000009c7b6facc0 is pointing into the stack for thread: 0x0000027fb438e800
RSI=0x000000000000083f is an unknown value
RDI=0x0000000000001350 is an unknown value
R8 =0x0000027fbd0c6660 is pointing into metadata
R9 =0x00000000000012a0 is an unknown value
R10=0x0000027f95921000 points into unknown readable memory: 0x0000000000000000 | 00 00 00 00 00 00 00 00
R11=0x0 is NULL
R12=0x0 is NULL
R13=0x0 is NULL
R14=0x0 is NULL
R15=0x0000027fb438e800 is a thread


Registers:
RAX=0x000000008ae89f10, RBX=0x0000000000000132, RCX=0x0000000000000002, RDX=0x0000027fbd0c6660
RSP=0x0000009c7b6faa50, RBP=0x0000009c7b6facc0, RSI=0x000000000000083f, RDI=0x0000000000001350
R8 =0x0000027fbd0c6660, R9 =0x00000000000012a0, R10=0x0000027f95921000, R11=0x0000000000000000
R12=0x0000000000000000, R13=0x0000000000000000, R14=0x0000000000000000, R15=0x0000027fb438e800
RIP=0x0000027f9c705ab6, EFLAGS=0x0000000000010206

Top of Stack: (sp=0x0000009c7b6faa50)
0x0000009c7b6faa50:   000000008ae80ec8 000000000000100a
0x0000009c7b6faa60:   000000008ae799b8 0000009c7b6faa68
0x0000009c7b6faa70:   0000027fb3cbfa62 0000009c7b6faae8
0x0000009c7b6faa80:   0000027fb5bca6b0 0000000000000000
0x0000009c7b6faa90:   0000000080b9dfa8 0000027fb3cbfac0
0x0000009c7b6faaa0:   0000000000000000 0000009c7b6faac0
0x0000009c7b6faab0:   0000009c7b6fab38 0000027f9aea9e40
0x0000009c7b6faac0:   0000000000000000 0000000000000000
0x0000009c7b6faad0:   000000008ae80f00 000000008ae80ec8
0x0000009c7b6faae0:   000000000000100a 000000008ae7b180
0x0000009c7b6faaf0:   0000009c7b6faaf0 0000027fb7586ec4
0x0000009c7b6fab00:   0000009c7b6fab70 000000008ae7b1b0
0x0000009c7b6fab10:   0000083500000831 000000008ae7aa80
0x0000009c7b6fab20:   000000008ae7b208 000000008ae7b180
0x0000009c7b6fab30:   0000088700000836 0000088100000000
0x0000009c7b6fab40:   0000000000000000 0000000000000000 

Instructions: (pc=0x0000027f9c705ab6)
0x0000027f9c7059b6:   4c 89 82 10 13 00 00 48 c7 82 18 13 00 00 01 00
0x0000027f9c7059c6:   00 00 e9 08 00 00 00 48 83 82 f0 12 00 00 01 4c
0x0000027f9c7059d6:   8b c3 48 8b d0 48 89 b4 24 e0 01 00 00 66 90 48
0x0000027f9c7059e6:   b8 ff ff ff ff ff ff ff ff e8 0c 06 7c fe 48 ba
0x0000027f9c7059f6:   60 66 0c bd 7f 02 00 00 8b b2 08 01 00 00 83 c6
0x0000027f9c705a06:   08 89 b2 08 01 00 00 81 e6 f8 ff 00 00 83 fe 00
0x0000027f9c705a16:   0f 84 4e 0c 00 00 4d 8b 97 08 01 00 00 41 85 02
0x0000027f9c705a26:   48 ba 60 66 0c bd 7f 02 00 00 ff 82 28 13 00 00
0x0000027f9c705a36:   48 8b 9c 24 e0 01 00 00 48 8b 84 24 90 01 00 00
0x0000027f9c705a46:   48 83 fb 00 49 b8 60 66 0c bd 7f 02 00 00 48 ba
0x0000027f9c705a56:   e0 12 00 00 00 00 00 00 0f 85 0a 00 00 00 48 ba
0x0000027f9c705a66:   d0 12 00 00 00 00 00 00 49 8b 34 10 48 8d 76 01
0x0000027f9c705a76:   49 89 34 10 0f 85 a8 fe ff ff 8b b4 24 0c 01 00
0x0000027f9c705a86:   00 83 fe 00 48 ba 60 66 0c bd 7f 02 00 00 48 bf
0x0000027f9c705a96:   40 13 00 00 00 00 00 00 0f 84 0a 00 00 00 48 bf
0x0000027f9c705aa6:   50 13 00 00 00 00 00 00 48 8b 1c 3a 48 8d 5b 01
0x0000027f9c705ab6:   49 89 1c 3a 0f 84 f4 00 00 00 48 8b 84 24 90 01
0x0000027f9c705ac6:   00 00 89 b4 24 0c 01 00 00 48 3b 00 48 8b f8 48
0x0000027f9c705ad6:   bb 60 66 0c bd 7f 02 00 00 8b 7f 08 48 c1 e7 03
0x0000027f9c705ae6:   48 3b bb 70 13 00 00 75 0d 48 83 83 78 13 00 00
0x0000027f9c705af6:   01 e9 66 00 00 00 48 3b bb 80 13 00 00 75 0d 48
0x0000027f9c705b06:   83 83 88 13 00 00 01 e9 50 00 00 00 48 81 bb 70
0x0000027f9c705b16:   13 00 00 00 00 00 00 75 17 48 89 bb 70 13 00 00
0x0000027f9c705b26:   48 c7 83 78 13 00 00 01 00 00 00 e9 2c 00 00 00
0x0000027f9c705b36:   48 81 bb 80 13 00 00 00 00 00 00 75 17 48 89 bb
0x0000027f9c705b46:   80 13 00 00 48 c7 83 88 13 00 00 01 00 00 00 e9
0x0000027f9c705b56:   08 00 00 00 48 83 83 60 13 00 00 01 48 8b d0 48
0x0000027f9c705b66:   b8 c0 83 78 b9 7f 02 00 00 e8 30 0f 7c fe 48 8b
0x0000027f9c705b76:   94 24 c8 00 00 00 49 b8 60 66 0c bd 7f 02 00 00
0x0000027f9c705b86:   49 83 80 98 13 00 00 01 4c 8b 84 24 90 01 00 00
0x0000027f9c705b96:   4c 8b 8c 24 b8 00 00 00 8b bc 24 0c 01 00 00 48
0x0000027f9c705ba6:   8b 94 24 c8 00 00 00 66 90 e8 ac b1 fd ff 48 8b 


Stack slot to memory mapping:
stack at sp + 0 slots: 0x000000008ae80ec8 is an oop: java.lang.String 
{0x000000008ae80ec8} - klass: 'java/lang/String'
stack at sp + 1 slots: 0x000000000000100a is an unknown value
stack at sp + 2 slots: 0x000000008ae799b8 is an oop: org.objectweb.asm.ClassWriter 
{0x000000008ae799b8} - klass: 'org/objectweb/asm/ClassWriter'
stack at sp + 3 slots: 0x0000009c7b6faa68 is pointing into the stack for thread: 0x0000027fb438e800
stack at sp + 4 slots: 0x0000027fb3cbfa62 is pointing into metadata
stack at sp + 5 slots: 0x0000009c7b6faae8 is pointing into the stack for thread: 0x0000027fb438e800
stack at sp + 6 slots: 0x0000027fb5bca6b0 is pointing into metadata
stack at sp + 7 slots: 0x0 is NULL



---------------  P R O C E S S  ---------------

Threads class SMR info:
_java_thread_list=0x0000027fb8c1ca00, length=32, elements={
0x0000027f973a5800, 0x0000027fb16ab000, 0x0000027fb16af000, 0x0000027fb16ca800,
0x0000027fb16cc000, 0x0000027fb16cd800, 0x0000027fb16d3800, 0x0000027fb16da000,
0x0000027fb16db800, 0x0000027fb2197000, 0x0000027fb2e77000, 0x0000027fb35d8000,
0x0000027fb3809800, 0x0000027fb438c800, 0x0000027fb4391000, 0x0000027fb4393000,
0x0000027fb40a2800, 0x0000027fb40a5800, 0x0000027fb40ac000, 0x0000027fb4390800,
0x0000027fb438e000, 0x0000027fb438d000, 0x0000027fb438e800, 0x0000027fb438f800,
0x0000027fb4392000, 0x0000027fb8c6b000, 0x0000027fb8c66000, 0x0000027fb8c67000,
0x0000027fb8c67800, 0x0000027fb8c65000, 0x0000027fb8c68800, 0x0000027fb8c6a000
}

Java Threads: ( => current thread )
  0x0000027f973a5800 JavaThread "main" [_thread_blocked, id=516, stack(0x0000009c7a000000,0x0000009c7a100000)]
  0x0000027fb16ab000 JavaThread "Reference Handler" daemon [_thread_blocked, id=11192, stack(0x0000009c7a700000,0x0000009c7a800000)]
  0x0000027fb16af000 JavaThread "Finalizer" daemon [_thread_blocked, id=4676, stack(0x0000009c7a800000,0x0000009c7a900000)]
  0x0000027fb16ca800 JavaThread "Signal Dispatcher" daemon [_thread_blocked, id=7136, stack(0x0000009c7a900000,0x0000009c7aa00000)]
  0x0000027fb16cc000 JavaThread "Attach Listener" daemon [_thread_blocked, id=9332, stack(0x0000009c7aa00000,0x0000009c7ab00000)]
  0x0000027fb16cd800 JavaThread "Service Thread" daemon [_thread_blocked, id=8924, stack(0x0000009c7ab00000,0x0000009c7ac00000)]
  0x0000027fb16d3800 JavaThread "C2 CompilerThread0" daemon [_thread_blocked, id=8452, stack(0x0000009c7ac00000,0x0000009c7ad00000)]
  0x0000027fb16da000 JavaThread "C1 CompilerThread0" daemon [_thread_blocked, id=11632, stack(0x0000009c7ad00000,0x0000009c7ae00000)]
  0x0000027fb16db800 JavaThread "Sweeper thread" daemon [_thread_blocked, id=1176, stack(0x0000009c7ae00000,0x0000009c7af00000)]
  0x0000027fb2197000 JavaThread "Common-Cleaner" daemon [_thread_blocked, id=7368, stack(0x0000009c7af00000,0x0000009c7b000000)]
  0x0000027fb2e77000 JavaThread "Daemon health stats" [_thread_blocked, id=828, stack(0x0000009c7b400000,0x0000009c7b500000)]
  0x0000027fb35d8000 JavaThread "Incoming local TCP Connector on port 62168" [_thread_in_native, id=3404, stack(0x0000009c7b300000,0x0000009c7b400000)]
  0x0000027fb3809800 JavaThread "Daemon periodic checks" [_thread_blocked, id=2464, stack(0x0000009c7b500000,0x0000009c7b600000)]
  0x0000027fb438c800 JavaThread "Cache worker for journal cache (C:\Users\DELL\.gradle\caches\journal-1)" [_thread_blocked, id=12012, stack(0x0000009c7be00000,0x0000009c7bf00000)]
  0x0000027fb4391000 JavaThread "File lock request listener" [_thread_in_native, id=4924, stack(0x0000009c7bf00000,0x0000009c7c000000)]
  0x0000027fb4393000 JavaThread "Cache worker for file hash cache (C:\Users\DELL\.gradle\caches\6.1.1\fileHashes)" [_thread_blocked, id=8544, stack(0x0000009c7c000000,0x0000009c7c100000)]
  0x0000027fb40a2800 JavaThread "Cache worker for execution history cache (C:\Users\DELL\.gradle\caches\6.1.1\executionHistory)" [_thread_blocked, id=4616, stack(0x0000009c7c600000,0x0000009c7c700000)]
  0x0000027fb40a5800 JavaThread "Memory manager" [_thread_blocked, id=684, stack(0x0000009c7cf00000,0x0000009c7d000000)]
  0x0000027fb40ac000 JavaThread "Cache worker for file content cache (C:\Users\DELL\.gradle\caches\6.1.1\fileContent)" [_thread_blocked, id=2456, stack(0x0000009c7d000000,0x0000009c7d100000)]
  0x0000027fb4390800 JavaThread "Daemon Thread 5" [_thread_blocked, id=8512, stack(0x0000009c79d00000,0x0000009c79e00000)]
  0x0000027fb438e000 JavaThread "Handler for socket connection from /127.0.0.1:62168 to /127.0.0.1:57651" [_thread_in_native, id=524, stack(0x0000009c79e00000,0x0000009c79f00000)]
  0x0000027fb438d000 JavaThread "Cancel handler" [_thread_blocked, id=5904, stack(0x0000009c79f00000,0x0000009c7a000000)]
=>0x0000027fb438e800 JavaThread "Daemon worker Thread 5" [_thread_in_Java, id=6756, stack(0x0000009c7b600000,0x0000009c7b700000)]
  0x0000027fb438f800 JavaThread "Asynchronous log dispatcher for DefaultDaemonConnection: socket connection from /127.0.0.1:62168 to /127.0.0.1:57651" [_thread_blocked, id=8748, stack(0x0000009c7b700000,0x0000009c7b800000)]
  0x0000027fb4392000 JavaThread "Stdin handler" [_thread_blocked, id=11664, stack(0x0000009c7b800000,0x0000009c7b900000)]
  0x0000027fb8c6b000 JavaThread "Thread-119" [_thread_blocked, id=6848, stack(0x0000009c7b900000,0x0000009c7ba00000)]
  0x0000027fb8c66000 JavaThread "Cache worker for checksums cache (C:\OTrafyc\.gradle\checksums)" [_thread_blocked, id=8476, stack(0x0000009c7ba00000,0x0000009c7bb00000)]
  0x0000027fb8c67000 JavaThread "Cache worker for file hash cache (C:\OTrafyc\.gradle\6.1.1\fileHashes)" [_thread_blocked, id=10784, stack(0x0000009c7bb00000,0x0000009c7bc00000)]
  0x0000027fb8c67800 JavaThread "Cache worker for cache directory md-supplier (C:\Users\DELL\.gradle\caches\6.1.1\md-supplier)" [_thread_blocked, id=11384, stack(0x0000009c7bc00000,0x0000009c7bd00000)]
  0x0000027fb8c65000 JavaThread "Cache worker for cache directory md-rule (C:\Users\DELL\.gradle\caches\6.1.1\md-rule)" [_thread_blocked, id=4500, stack(0x0000009c7c100000,0x0000009c7c200000)]
  0x0000027fb8c68800 JavaThread "C2 CompilerThread1" daemon [_thread_blocked, id=6048, stack(0x0000009c7c200000,0x0000009c7c300000)]
  0x0000027fb8c6a000 JavaThread "Cache worker for Build Output Cleanup Cache (C:\OTrafyc\.gradle\buildOutputCleanup)" [_thread_blocked, id=4944, stack(0x0000009c7c300000,0x0000009c7c400000)]

Other Threads:
  0x0000027fb16a5800 VMThread "VM Thread" [stack: 0x0000009c7a600000,0x0000009c7a700000] [id=6216]
  0x0000027fb21a0800 WatcherThread [stack: 0x0000009c7b000000,0x0000009c7b100000] [id=5760]
  0x0000027f973bf800 GCTaskThread "GC Thread#0" [stack: 0x0000009c7a100000,0x0000009c7a200000] [id=7100]
  0x0000027fb2816000 GCTaskThread "GC Thread#1" [stack: 0x0000009c7b100000,0x0000009c7b200000] [id=2824]
  0x0000027fb2846800 GCTaskThread "GC Thread#2" [stack: 0x0000009c7b200000,0x0000009c7b300000] [id=11748]
  0x0000027fb3798800 GCTaskThread "GC Thread#3" [stack: 0x0000009c7bd00000,0x0000009c7be00000] [id=10708]
  0x0000027f973f4000 ConcurrentGCThread "G1 Main Marker" [stack: 0x0000009c7a200000,0x0000009c7a300000] [id=10716]
  0x0000027f973f5800 ConcurrentGCThread "G1 Conc#0" [stack: 0x0000009c7a300000,0x0000009c7a400000] [id=6456]
  0x0000027f97487800 ConcurrentGCThread "G1 Refine#0" [stack: 0x0000009c7a400000,0x0000009c7a500000] [id=9368]
  0x0000027f97488800 ConcurrentGCThread "G1 Young RemSet Sampling" [stack: 0x0000009c7a500000,0x0000009c7a600000] [id=6184]

Threads with active compile tasks:

VM state:not at safepoint (normal execution)

VM Mutex/Monitor currently owned by a thread: None

Heap address: 0x0000000080000000, size: 2048 MB, Compressed Oops mode: 32-bit
Narrow klass base: 0x0000000000000000, Narrow klass shift: 3
Compressed class space size: 1073741824 Address: 0x0000000100000000

Heap:
 garbage-first heap   total 189440K, used 124055K [0x0000000080000000, 0x0000000100000000)
  region size 1024K, 14 young (14336K), 3 survivors (3072K)
 Metaspace       used 103300K, capacity 106226K, committed 106320K, reserved 1142784K
  class space    used 12539K, capacity 13521K, committed 13568K, reserved 1048576K
Heap Regions: E=young(eden), S=young(survivor), O=old, HS=humongous(starts), HC=humongous(continues), CS=collection set, F=free, A=archive, TAMS=top-at-mark-start (previous, next)
|   0|0x0000000080000000, 0x0000000080100000, 0x0000000080100000|100%| O|  |TAMS 0x0000000080100000, 0x0000000080000000| Untracked 
|   1|0x0000000080100000, 0x0000000080200000, 0x0000000080200000|100%| O|  |TAMS 0x0000000080200000, 0x0000000080100000| Untracked 
|   2|0x0000000080200000, 0x0000000080300000, 0x0000000080300000|100%| O|  |TAMS 0x0000000080300000, 0x0000000080200000| Untracked 
|   3|0x0000000080300000, 0x0000000080400000, 0x0000000080400000|100%|HS|  |TAMS 0x0000000080400000, 0x0000000080300000| Complete 
|   4|0x0000000080400000, 0x0000000080500000, 0x0000000080500000|100%|HC|  |TAMS 0x0000000080500000, 0x0000000080400000| Complete 
|   5|0x0000000080500000, 0x0000000080600000, 0x0000000080600000|100%|HC|  |TAMS 0x0000000080600000, 0x0000000080500000| Complete 
|   6|0x0000000080600000, 0x0000000080700000, 0x0000000080700000|100%| O|  |TAMS 0x0000000080700000, 0x0000000080600000| Untracked 
|   7|0x0000000080700000, 0x0000000080800000, 0x0000000080800000|100%| O|  |TAMS 0x0000000080800000, 0x0000000080700000| Untracked 
|   8|0x0000000080800000, 0x0000000080900000, 0x0000000080900000|100%| O|  |TAMS 0x0000000080900000, 0x0000000080800000| Untracked 
|   9|0x0000000080900000, 0x0000000080a00000, 0x0000000080a00000|100%| O|  |TAMS 0x0000000080a00000, 0x0000000080900000| Untracked 
|  10|0x0000000080a00000, 0x0000000080b00000, 0x0000000080b00000|100%| O|  |TAMS 0x0000000080b00000, 0x0000000080a00000| Untracked 
|  11|0x0000000080b00000, 0x0000000080c00000, 0x0000000080c00000|100%| O|  |TAMS 0x0000000080c00000, 0x0000000080b00000| Untracked 
|  12|0x0000000080c00000, 0x0000000080d00000, 0x0000000080d00000|100%| O|  |TAMS 0x0000000080d00000, 0x0000000080c00000| Untracked 
|  13|0x0000000080d00000, 0x0000000080e00000, 0x0000000080e00000|100%|HS|  |TAMS 0x0000000080e00000, 0x0000000080d00000| Complete 
|  14|0x0000000080e00000, 0x0000000080f00000, 0x0000000080f00000|100%|HC|  |TAMS 0x0000000080f00000, 0x0000000080e00000| Complete 
|  15|0x0000000080f00000, 0x0000000081000000, 0x0000000081000000|100%|HS|  |TAMS 0x0000000081000000, 0x0000000080f00000| Complete 
|  16|0x0000000081000000, 0x0000000081100000, 0x0000000081100000|100%|HC|  |TAMS 0x0000000081100000, 0x0000000081000000| Complete 
|  17|0x0000000081100000, 0x0000000081200000, 0x0000000081200000|100%|HC|  |TAMS 0x0000000081200000, 0x0000000081100000| Complete 
|  18|0x0000000081200000, 0x0000000081300000, 0x0000000081300000|100%|HS|  |TAMS 0x0000000081300000, 0x0000000081200000| Complete 
|  19|0x0000000081300000, 0x0000000081400000, 0x0000000081400000|100%|HC|  |TAMS 0x0000000081400000, 0x0000000081300000| Complete 
|  20|0x0000000081400000, 0x0000000081500000, 0x0000000081500000|100%|HC|  |TAMS 0x0000000081500000, 0x0000000081400000| Complete 
|  21|0x0000000081500000, 0x0000000081600000, 0x0000000081600000|100%|HC|  |TAMS 0x0000000081600000, 0x0000000081500000| Complete 
|  22|0x0000000081600000, 0x0000000081700000, 0x0000000081700000|100%|HC|  |TAMS 0x0000000081700000, 0x0000000081600000| Complete 
|  23|0x0000000081700000, 0x0000000081800000, 0x0000000081800000|100%| O|  |TAMS 0x0000000081800000, 0x0000000081700000| Untracked 
|  24|0x0000000081800000, 0x0000000081900000, 0x0000000081900000|100%|HS|  |TAMS 0x0000000081900000, 0x0000000081800000| Complete 
|  25|0x0000000081900000, 0x0000000081a00000, 0x0000000081a00000|100%|HC|  |TAMS 0x0000000081a00000, 0x0000000081900000| Complete 
|  26|0x0000000081a00000, 0x0000000081b00000, 0x0000000081b00000|100%| O|  |TAMS 0x0000000081b00000, 0x0000000081a00000| Untracked 
|  27|0x0000000081b00000, 0x0000000081c00000, 0x0000000081c00000|100%| O|  |TAMS 0x0000000081c00000, 0x0000000081b00000| Untracked 
|  28|0x0000000081c00000, 0x0000000081d00000, 0x0000000081d00000|100%| O|  |TAMS 0x0000000081d00000, 0x0000000081c00000| Untracked 
|  29|0x0000000081d00000, 0x0000000081e00000, 0x0000000081e00000|100%| O|  |TAMS 0x0000000081e00000, 0x0000000081d00000| Untracked 
|  30|0x0000000081e00000, 0x0000000081f00000, 0x0000000081f00000|100%| O|  |TAMS 0x0000000081f00000, 0x0000000081e00000| Untracked 
|  31|0x0000000081f00000, 0x0000000082000000, 0x0000000082000000|100%| O|  |TAMS 0x0000000082000000, 0x0000000081f00000| Untracked 
|  32|0x0000000082000000, 0x0000000082100000, 0x0000000082100000|100%|HS|  |TAMS 0x0000000082100000, 0x0000000082000000| Complete 
|  33|0x0000000082100000, 0x0000000082200000, 0x0000000082200000|100%|HC|  |TAMS 0x0000000082200000, 0x0000000082100000| Complete 
|  34|0x0000000082200000, 0x0000000082300000, 0x0000000082300000|100%|HC|  |TAMS 0x0000000082300000, 0x0000000082200000| Complete 
|  35|0x0000000082300000, 0x0000000082400000, 0x0000000082400000|100%| O|  |TAMS 0x0000000082400000, 0x0000000082300000| Untracked 
|  36|0x0000000082400000, 0x0000000082500000, 0x0000000082500000|100%| O|  |TAMS 0x0000000082500000, 0x0000000082400000| Untracked 
|  37|0x0000000082500000, 0x0000000082600000, 0x0000000082600000|100%| O|  |TAMS 0x0000000082600000, 0x0000000082500000| Untracked 
|  38|0x0000000082600000, 0x0000000082700000, 0x0000000082700000|100%| O|  |TAMS 0x0000000082700000, 0x0000000082600000| Untracked 
|  39|0x0000000082700000, 0x0000000082800000, 0x0000000082800000|100%| O|  |TAMS 0x0000000082800000, 0x0000000082700000| Untracked 
|  40|0x0000000082800000, 0x0000000082900000, 0x0000000082900000|100%| O|  |TAMS 0x0000000082900000, 0x0000000082800000| Untracked 
|  41|0x0000000082900000, 0x0000000082a00000, 0x0000000082a00000|100%| O|  |TAMS 0x0000000082a00000, 0x0000000082900000| Untracked 
|  42|0x0000000082a00000, 0x0000000082b00000, 0x0000000082b00000|100%| O|  |TAMS 0x0000000082b00000, 0x0000000082a00000| Untracked 
|  43|0x0000000082b00000, 0x0000000082c00000, 0x0000000082c00000|100%| O|  |TAMS 0x0000000082c00000, 0x0000000082b00000| Untracked 
|  44|0x0000000082c00000, 0x0000000082d00000, 0x0000000082d00000|100%| O|  |TAMS 0x0000000082c00000, 0x0000000082c00000| Untracked 
|  45|0x0000000082d00000, 0x0000000082e00000, 0x0000000082e00000|100%| O|  |TAMS 0x0000000082e00000, 0x0000000082d00000| Untracked 
|  46|0x0000000082e00000, 0x0000000082f00000, 0x0000000082f00000|100%| O|  |TAMS 0x0000000082f00000, 0x0000000082e00000| Untracked 
|  47|0x0000000082f00000, 0x0000000083000000, 0x0000000083000000|100%| O|  |TAMS 0x0000000083000000, 0x0000000082f00000| Untracked 
|  48|0x0000000083000000, 0x0000000083100000, 0x0000000083100000|100%| O|  |TAMS 0x0000000083100000, 0x0000000083000000| Untracked 
|  49|0x0000000083100000, 0x0000000083200000, 0x0000000083200000|100%| O|  |TAMS 0x0000000083100000, 0x0000000083100000| Untracked 
|  50|0x0000000083200000, 0x0000000083300000, 0x0000000083300000|100%| O|  |TAMS 0x0000000083300000, 0x0000000083200000| Untracked 
|  51|0x0000000083300000, 0x0000000083400000, 0x0000000083400000|100%| O|  |TAMS 0x0000000083400000, 0x0000000083300000| Untracked 
|  52|0x0000000083400000, 0x0000000083500000, 0x0000000083500000|100%| O|  |TAMS 0x0000000083500000, 0x0000000083400000| Untracked 
|  53|0x0000000083500000, 0x0000000083600000, 0x0000000083600000|100%| O|  |TAMS 0x0000000083600000, 0x0000000083500000| Untracked 
|  54|0x0000000083600000, 0x0000000083700000, 0x0000000083700000|100%| O|  |TAMS 0x0000000083700000, 0x0000000083600000| Untracked 
|  55|0x0000000083700000, 0x0000000083800000, 0x0000000083800000|100%| O|  |TAMS 0x0000000083800000, 0x0000000083700000| Untracked 
|  56|0x0000000083800000, 0x0000000083900000, 0x0000000083900000|100%| O|  |TAMS 0x0000000083900000, 0x0000000083800000| Untracked 
|  57|0x0000000083900000, 0x0000000083a00000, 0x0000000083a00000|100%| O|  |TAMS 0x0000000083a00000, 0x0000000083900000| Untracked 
|  58|0x0000000083a00000, 0x0000000083b00000, 0x0000000083b00000|100%| O|  |TAMS 0x0000000083b00000, 0x0000000083a00000| Untracked 
|  59|0x0000000083b00000, 0x0000000083c00000, 0x0000000083c00000|100%| O|  |TAMS 0x0000000083c00000, 0x0000000083b00000| Untracked 
|  60|0x0000000083c00000, 0x0000000083d00000, 0x0000000083d00000|100%| O|  |TAMS 0x0000000083d00000, 0x0000000083c00000| Untracked 
|  61|0x0000000083d00000, 0x0000000083e00000, 0x0000000083e00000|100%| O|  |TAMS 0x0000000083e00000, 0x0000000083d00000| Untracked 
|  62|0x0000000083e00000, 0x0000000083f00000, 0x0000000083f00000|100%| O|  |TAMS 0x0000000083f00000, 0x0000000083e00000| Untracked 
|  63|0x0000000083f00000, 0x0000000084000000, 0x0000000084000000|100%| O|  |TAMS 0x0000000084000000, 0x0000000083f00000| Untracked 
|  64|0x0000000084000000, 0x0000000084100000, 0x0000000084100000|100%| O|  |TAMS 0x0000000084100000, 0x0000000084000000| Untracked 
|  65|0x0000000084100000, 0x0000000084200000, 0x0000000084200000|100%| O|  |TAMS 0x0000000084200000, 0x0000000084100000| Untracked 
|  66|0x0000000084200000, 0x0000000084300000, 0x0000000084300000|100%| O|  |TAMS 0x0000000084300000, 0x0000000084200000| Untracked 
|  67|0x0000000084300000, 0x0000000084400000, 0x0000000084400000|100%| O|  |TAMS 0x0000000084300000, 0x0000000084300000| Untracked 
|  68|0x0000000084400000, 0x0000000084500000, 0x0000000084500000|100%| O|  |TAMS 0x0000000084500000, 0x0000000084400000| Untracked 
|  69|0x0000000084500000, 0x0000000084600000, 0x0000000084600000|100%| O|  |TAMS 0x0000000084600000, 0x0000000084500000| Untracked 
|  70|0x0000000084600000, 0x0000000084700000, 0x0000000084700000|100%| O|  |TAMS 0x0000000084700000, 0x0000000084600000| Untracked 
|  71|0x0000000084700000, 0x0000000084800000, 0x0000000084800000|100%| O|  |TAMS 0x0000000084800000, 0x0000000084700000| Untracked 
|  72|0x0000000084800000, 0x0000000084900000, 0x0000000084900000|100%| O|  |TAMS 0x0000000084800000, 0x0000000084800000| Untracked 
|  73|0x0000000084900000, 0x0000000084a00000, 0x0000000084a00000|100%| O|  |TAMS 0x0000000084900000, 0x0000000084900000| Untracked 
|  74|0x0000000084a00000, 0x0000000084b00000, 0x0000000084b00000|100%| O|  |TAMS 0x0000000084a00000, 0x0000000084a00000| Untracked 
|  75|0x0000000084b00000, 0x0000000084c00000, 0x0000000084c00000|100%| O|  |TAMS 0x0000000084b00000, 0x0000000084b00000| Untracked 
|  76|0x0000000084c00000, 0x0000000084d00000, 0x0000000084d00000|100%| O|  |TAMS 0x0000000084d00000, 0x0000000084c00000| Untracked 
|  77|0x0000000084d00000, 0x0000000084e00000, 0x0000000084e00000|100%| O|  |TAMS 0x0000000084d00000, 0x0000000084d00000| Untracked 
|  78|0x0000000084e00000, 0x0000000084f00000, 0x0000000084f00000|100%| O|  |TAMS 0x0000000084f00000, 0x0000000084e00000| Untracked 
|  79|0x0000000084f00000, 0x0000000085000000, 0x0000000085000000|100%| O|  |TAMS 0x0000000085000000, 0x0000000084f00000| Untracked 
|  80|0x0000000085000000, 0x0000000085100000, 0x0000000085100000|100%| O|  |TAMS 0x0000000085000000, 0x0000000085000000| Untracked 
|  81|0x0000000085100000, 0x0000000085200000, 0x0000000085200000|100%| O|  |TAMS 0x0000000085200000, 0x0000000085100000| Untracked 
|  82|0x0000000085200000, 0x0000000085300000, 0x0000000085300000|100%| O|  |TAMS 0x00000000852f1e00, 0x0000000085200000| Untracked 
|  83|0x0000000085300000, 0x0000000085400000, 0x0000000085400000|100%| O|  |TAMS 0x0000000085300000, 0x0000000085300000| Untracked 
|  84|0x0000000085400000, 0x0000000085500000, 0x0000000085500000|100%| O|  |TAMS 0x0000000085500000, 0x0000000085400000| Untracked 
|  85|0x0000000085500000, 0x0000000085600000, 0x0000000085600000|100%| O|  |TAMS 0x0000000085600000, 0x0000000085500000| Untracked 
|  86|0x0000000085600000, 0x0000000085700000, 0x0000000085700000|100%| O|  |TAMS 0x0000000085600000, 0x0000000085600000| Untracked 
|  87|0x0000000085700000, 0x0000000085800000, 0x0000000085800000|100%| O|  |TAMS 0x0000000085800000, 0x0000000085700000| Untracked 
|  88|0x0000000085800000, 0x0000000085900000, 0x0000000085900000|100%| O|  |TAMS 0x0000000085800000, 0x0000000085800000| Untracked 
|  89|0x0000000085900000, 0x0000000085a00000, 0x0000000085a00000|100%| O|  |TAMS 0x0000000085900000, 0x0000000085900000| Untracked 
|  90|0x0000000085a00000, 0x0000000085b00000, 0x0000000085b00000|100%| O|  |TAMS 0x0000000085a00000, 0x0000000085a00000| Untracked 
|  91|0x0000000085b00000, 0x0000000085c00000, 0x0000000085c00000|100%| O|  |TAMS 0x0000000085b00000, 0x0000000085b00000| Untracked 
|  92|0x0000000085c00000, 0x0000000085d00000, 0x0000000085d00000|100%| O|  |TAMS 0x0000000085d00000, 0x0000000085c00000| Untracked 
|  93|0x0000000085d00000, 0x0000000085e00000, 0x0000000085e00000|100%| O|  |TAMS 0x0000000085e00000, 0x0000000085d00000| Untracked 
|  94|0x0000000085e00000, 0x0000000085f00000, 0x0000000085f00000|100%| O|  |TAMS 0x0000000085e00000, 0x0000000085e00000| Untracked 
|  95|0x0000000085f00000, 0x0000000086000000, 0x0000000086000000|100%| O|  |TAMS 0x0000000085f00000, 0x0000000085f00000| Untracked 
|  96|0x0000000086000000, 0x0000000086100000, 0x0000000086100000|100%| O|  |TAMS 0x0000000086000000, 0x0000000086000000| Untracked 
|  97|0x0000000086100000, 0x0000000086200000, 0x0000000086200000|100%| O|  |TAMS 0x0000000086100000, 0x0000000086100000| Untracked 
|  98|0x0000000086200000, 0x0000000086300000, 0x0000000086300000|100%| O|  |TAMS 0x0000000086200000, 0x0000000086200000| Untracked 
|  99|0x0000000086300000, 0x0000000086400000, 0x0000000086400000|100%| O|  |TAMS 0x0000000086300000, 0x0000000086300000| Untracked 
| 100|0x0000000086400000, 0x0000000086500000, 0x0000000086500000|100%| O|  |TAMS 0x0000000086400000, 0x0000000086400000| Untracked 
| 101|0x0000000086500000, 0x0000000086600000, 0x0000000086600000|100%| O|  |TAMS 0x0000000086500000, 0x0000000086500000| Untracked 
| 102|0x0000000086600000, 0x0000000086700000, 0x0000000086700000|100%| O|  |TAMS 0x0000000086700000, 0x0000000086600000| Untracked 
| 103|0x0000000086700000, 0x0000000086800000, 0x0000000086800000|100%| O|  |TAMS 0x0000000086800000, 0x0000000086700000| Untracked 
| 104|0x0000000086800000, 0x0000000086900000, 0x0000000086900000|100%| O|  |TAMS 0x0000000086900000, 0x0000000086800000| Untracked 
| 105|0x0000000086900000, 0x0000000086a00000, 0x0000000086a00000|100%| O|  |TAMS 0x0000000086a00000, 0x0000000086900000| Untracked 
| 106|0x0000000086a00000, 0x0000000086b00000, 0x0000000086b00000|100%| O|  |TAMS 0x0000000086b00000, 0x0000000086a00000| Untracked 
| 107|0x0000000086b00000, 0x0000000086be1200, 0x0000000086c00000| 87%| O|  |TAMS 0x0000000086b00000, 0x0000000086b00000| Untracked 
| 108|0x0000000086c00000, 0x0000000086d00000, 0x0000000086d00000|100%| O|  |TAMS 0x0000000086d00000, 0x0000000086c00000| Untracked 
| 109|0x0000000086d00000, 0x0000000086d00000, 0x0000000086e00000|  0%| F|  |TAMS 0x0000000086d00000, 0x0000000086d00000| Untracked 
| 110|0x0000000086e00000, 0x0000000086e00000, 0x0000000086f00000|  0%| F|  |TAMS 0x0000000086e00000, 0x0000000086e00000| Untracked 
| 111|0x0000000086f00000, 0x0000000086f00000, 0x0000000087000000|  0%| F|  |TAMS 0x0000000086f00000, 0x0000000086f00000| Untracked 
| 112|0x0000000087000000, 0x0000000087000000, 0x0000000087100000|  0%| F|  |TAMS 0x0000000087000000, 0x0000000087000000| Untracked 
| 113|0x0000000087100000, 0x0000000087100000, 0x0000000087200000|  0%| F|  |TAMS 0x0000000087100000, 0x0000000087100000| Untracked 
| 114|0x0000000087200000, 0x0000000087200000, 0x0000000087300000|  0%| F|  |TAMS 0x0000000087200000, 0x0000000087200000| Untracked 
| 115|0x0000000087300000, 0x0000000087300000, 0x0000000087400000|  0%| F|  |TAMS 0x0000000087300000, 0x0000000087300000| Untracked 
| 116|0x0000000087400000, 0x0000000087400000, 0x0000000087500000|  0%| F|  |TAMS 0x0000000087400000, 0x0000000087400000| Untracked 
| 117|0x0000000087500000, 0x0000000087500000, 0x0000000087600000|  0%| F|  |TAMS 0x0000000087500000, 0x0000000087500000| Untracked 
| 118|0x0000000087600000, 0x0000000087600000, 0x0000000087700000|  0%| F|  |TAMS 0x0000000087600000, 0x0000000087600000| Untracked 
| 119|0x0000000087700000, 0x0000000087700000, 0x0000000087800000|  0%| F|  |TAMS 0x0000000087700000, 0x0000000087700000| Untracked 
| 120|0x0000000087800000, 0x0000000087800000, 0x0000000087900000|  0%| F|  |TAMS 0x0000000087800000, 0x0000000087800000| Untracked 
| 121|0x0000000087900000, 0x0000000087900000, 0x0000000087a00000|  0%| F|  |TAMS 0x0000000087900000, 0x0000000087900000| Untracked 
| 122|0x0000000087a00000, 0x0000000087a00000, 0x0000000087b00000|  0%| F|  |TAMS 0x0000000087a00000, 0x0000000087a00000| Untracked 
| 123|0x0000000087b00000, 0x0000000087b00000, 0x0000000087c00000|  0%| F|  |TAMS 0x0000000087b00000, 0x0000000087b00000| Untracked 
| 124|0x0000000087c00000, 0x0000000087c00000, 0x0000000087d00000|  0%| F|  |TAMS 0x0000000087c00000, 0x0000000087c00000| Untracked 
| 125|0x0000000087d00000, 0x0000000087d00000, 0x0000000087e00000|  0%| F|  |TAMS 0x0000000087d00000, 0x0000000087d00000| Untracked 
| 126|0x0000000087e00000, 0x0000000087e00000, 0x0000000087f00000|  0%| F|  |TAMS 0x0000000087e00000, 0x0000000087e00000| Untracked 
| 127|0x0000000087f00000, 0x0000000087f00000, 0x0000000088000000|  0%| F|  |TAMS 0x0000000087f00000, 0x0000000087f00000| Untracked 
| 128|0x0000000088000000, 0x0000000088000000, 0x0000000088100000|  0%| F|  |TAMS 0x0000000088000000, 0x0000000088000000| Untracked 
| 129|0x0000000088100000, 0x0000000088100000, 0x0000000088200000|  0%| F|  |TAMS 0x0000000088100000, 0x0000000088100000| Untracked 
| 130|0x0000000088200000, 0x0000000088200000, 0x0000000088300000|  0%| F|  |TAMS 0x0000000088200000, 0x0000000088200000| Untracked 
| 131|0x0000000088300000, 0x0000000088300000, 0x0000000088400000|  0%| F|  |TAMS 0x0000000088300000, 0x0000000088300000| Untracked 
| 132|0x0000000088400000, 0x0000000088400000, 0x0000000088500000|  0%| F|  |TAMS 0x0000000088400000, 0x0000000088400000| Untracked 
| 133|0x0000000088500000, 0x0000000088500000, 0x0000000088600000|  0%| F|  |TAMS 0x0000000088500000, 0x0000000088500000| Untracked 
| 134|0x0000000088600000, 0x0000000088600000, 0x0000000088700000|  0%| F|  |TAMS 0x0000000088600000, 0x0000000088600000| Untracked 
| 135|0x0000000088700000, 0x0000000088700000, 0x0000000088800000|  0%| F|  |TAMS 0x0000000088700000, 0x0000000088700000| Untracked 
| 136|0x0000000088800000, 0x0000000088800000, 0x0000000088900000|  0%| F|  |TAMS 0x0000000088800000, 0x0000000088800000| Untracked 
| 137|0x0000000088900000, 0x0000000088944cd8, 0x0000000088a00000| 26%| S|CS|TAMS 0x0000000088900000, 0x0000000088900000| Complete 
| 138|0x0000000088a00000, 0x0000000088a00000, 0x0000000088b00000|  0%| F|  |TAMS 0x0000000088a00000, 0x0000000088a00000| Untracked 
| 139|0x0000000088b00000, 0x0000000088c00000, 0x0000000088c00000|100%| S|CS|TAMS 0x0000000088b00000, 0x0000000088b00000| Complete 
| 140|0x0000000088c00000, 0x0000000088d00000, 0x0000000088d00000|100%| S|CS|TAMS 0x0000000088c00000, 0x0000000088c00000| Complete 
| 141|0x0000000088d00000, 0x0000000088d00000, 0x0000000088e00000|  0%| F|  |TAMS 0x0000000088d00000, 0x0000000088d00000| Untracked 
| 142|0x0000000088e00000, 0x0000000088e00000, 0x0000000088f00000|  0%| F|  |TAMS 0x0000000088e00000, 0x0000000088e00000| Untracked 
| 143|0x0000000088f00000, 0x0000000088f00000, 0x0000000089000000|  0%| F|  |TAMS 0x0000000088f00000, 0x0000000088f00000| Untracked 
| 144|0x0000000089000000, 0x0000000089000000, 0x0000000089100000|  0%| F|  |TAMS 0x0000000089000000, 0x0000000089000000| Untracked 
| 145|0x0000000089100000, 0x0000000089100000, 0x0000000089200000|  0%| F|  |TAMS 0x0000000089100000, 0x0000000089100000| Untracked 
| 146|0x0000000089200000, 0x0000000089200000, 0x0000000089300000|  0%| F|  |TAMS 0x0000000089200000, 0x0000000089200000| Untracked 
| 147|0x0000000089300000, 0x0000000089300000, 0x0000000089400000|  0%| F|  |TAMS 0x0000000089300000, 0x0000000089300000| Untracked 
| 148|0x0000000089400000, 0x0000000089400000, 0x0000000089500000|  0%| F|  |TAMS 0x0000000089400000, 0x0000000089400000| Untracked 
| 149|0x0000000089500000, 0x0000000089500000, 0x0000000089600000|  0%| F|  |TAMS 0x0000000089500000, 0x0000000089500000| Untracked 
| 150|0x0000000089600000, 0x0000000089600000, 0x0000000089700000|  0%| F|  |TAMS 0x0000000089600000, 0x0000000089600000| Untracked 
| 151|0x0000000089700000, 0x0000000089700000, 0x0000000089800000|  0%| F|  |TAMS 0x0000000089700000, 0x0000000089700000| Untracked 
| 152|0x0000000089800000, 0x0000000089800000, 0x0000000089900000|  0%| F|  |TAMS 0x0000000089800000, 0x0000000089800000| Untracked 
| 153|0x0000000089900000, 0x0000000089900000, 0x0000000089a00000|  0%| F|  |TAMS 0x0000000089900000, 0x0000000089900000| Untracked 
| 154|0x0000000089a00000, 0x0000000089a00000, 0x0000000089b00000|  0%| F|  |TAMS 0x0000000089a00000, 0x0000000089a00000| Untracked 
| 155|0x0000000089b00000, 0x0000000089b00000, 0x0000000089c00000|  0%| F|  |TAMS 0x0000000089b00000, 0x0000000089b00000| Untracked 
| 156|0x0000000089c00000, 0x0000000089c00000, 0x0000000089d00000|  0%| F|  |TAMS 0x0000000089c00000, 0x0000000089c00000| Untracked 
| 157|0x0000000089d00000, 0x0000000089d00000, 0x0000000089e00000|  0%| F|  |TAMS 0x0000000089d00000, 0x0000000089d00000| Untracked 
| 158|0x0000000089e00000, 0x0000000089e00000, 0x0000000089f00000|  0%| F|  |TAMS 0x0000000089e00000, 0x0000000089e00000| Untracked 
| 159|0x0000000089f00000, 0x0000000089f00000, 0x000000008a000000|  0%| F|  |TAMS 0x0000000089f00000, 0x0000000089f00000| Untracked 
| 160|0x000000008a000000, 0x000000008a000000, 0x000000008a100000|  0%| F|  |TAMS 0x000000008a000000, 0x000000008a000000| Untracked 
| 161|0x000000008a100000, 0x000000008a100000, 0x000000008a200000|  0%| F|  |TAMS 0x000000008a100000, 0x000000008a100000| Untracked 
| 162|0x000000008a200000, 0x000000008a200000, 0x000000008a300000|  0%| F|  |TAMS 0x000000008a200000, 0x000000008a200000| Untracked 
| 163|0x000000008a300000, 0x000000008a300000, 0x000000008a400000|  0%| F|  |TAMS 0x000000008a300000, 0x000000008a300000| Untracked 
| 164|0x000000008a400000, 0x000000008a400000, 0x000000008a500000|  0%| F|  |TAMS 0x000000008a400000, 0x000000008a400000| Untracked 
| 165|0x000000008a500000, 0x000000008a500000, 0x000000008a600000|  0%| F|  |TAMS 0x000000008a500000, 0x000000008a500000| Untracked 
| 166|0x000000008a600000, 0x000000008a600000, 0x000000008a700000|  0%| F|  |TAMS 0x000000008a600000, 0x000000008a600000| Untracked 
| 167|0x000000008a700000, 0x000000008a700000, 0x000000008a800000|  0%| F|  |TAMS 0x000000008a700000, 0x000000008a700000| Untracked 
| 168|0x000000008a800000, 0x000000008a800000, 0x000000008a900000|  0%| F|  |TAMS 0x000000008a800000, 0x000000008a800000| Untracked 
| 169|0x000000008a900000, 0x000000008a900000, 0x000000008aa00000|  0%| F|  |TAMS 0x000000008a900000, 0x000000008a900000| Untracked 
| 170|0x000000008aa00000, 0x000000008aa00000, 0x000000008ab00000|  0%| F|  |TAMS 0x000000008aa00000, 0x000000008aa00000| Untracked 
| 171|0x000000008ab00000, 0x000000008ab00000, 0x000000008ac00000|  0%| F|  |TAMS 0x000000008ab00000, 0x000000008ab00000| Untracked 
| 172|0x000000008ac00000, 0x000000008ac00000, 0x000000008ad00000|  0%| F|  |TAMS 0x000000008ac00000, 0x000000008ac00000| Untracked 
| 173|0x000000008ad00000, 0x000000008ad00000, 0x000000008ae00000|  0%| F|  |TAMS 0x000000008ad00000, 0x000000008ad00000| Untracked 
| 174|0x000000008ae00000, 0x000000008ae96bc8, 0x000000008af00000| 58%| E|  |TAMS 0x000000008ae00000, 0x000000008ae00000| Complete 
| 175|0x000000008af00000, 0x000000008b000000, 0x000000008b000000|100%| E|CS|TAMS 0x000000008af00000, 0x000000008af00000| Complete 
| 176|0x000000008b000000, 0x000000008b100000, 0x000000008b100000|100%| E|CS|TAMS 0x000000008b000000, 0x000000008b000000| Complete 
| 177|0x000000008b100000, 0x000000008b200000, 0x000000008b200000|100%| E|CS|TAMS 0x000000008b100000, 0x000000008b100000| Complete 
| 178|0x000000008b200000, 0x000000008b300000, 0x000000008b300000|100%| E|CS|TAMS 0x000000008b200000, 0x000000008b200000| Complete 
| 179|0x000000008b300000, 0x000000008b400000, 0x000000008b400000|100%| E|CS|TAMS 0x000000008b300000, 0x000000008b300000| Complete 
| 180|0x000000008b400000, 0x000000008b500000, 0x000000008b500000|100%| E|CS|TAMS 0x000000008b400000, 0x000000008b400000| Complete 
| 181|0x000000008b500000, 0x000000008b600000, 0x000000008b600000|100%| E|CS|TAMS 0x000000008b500000, 0x000000008b500000| Complete 
| 182|0x000000008b600000, 0x000000008b700000, 0x000000008b700000|100%| E|CS|TAMS 0x000000008b600000, 0x000000008b600000| Complete 
| 183|0x000000008b700000, 0x000000008b800000, 0x000000008b800000|100%| E|CS|TAMS 0x000000008b700000, 0x000000008b700000| Complete 
| 184|0x000000008b800000, 0x000000008b900000, 0x000000008b900000|100%| E|CS|TAMS 0x000000008b800000, 0x000000008b800000| Complete 

Card table byte_map: [0x0000027faa8c0000,0x0000027faacc0000] _byte_map_base: 0x0000027faa4c0000

Marking Bits (Prev, Next): (CMBitMap*) 0x0000027f973eb4d0, (CMBitMap*) 0x0000027f973eb498
 Prev Bits: [0x0000027fad0c0000, 0x0000027faf0c0000)
 Next Bits: [0x0000027fab0c0000, 0x0000027fad0c0000)

Polling page: 0x0000027f95920000

Metaspace:

Usage:
  Non-class:     90.53 MB capacity,    88.63 MB ( 98%) used,     1.64 MB (  2%) free+waste,   268.63 KB ( <1%) overhead. 
      Class:     13.20 MB capacity,    12.25 MB ( 93%) used,   862.48 KB (  6%) free+waste,   118.75 KB ( <1%) overhead. 
       Both:    103.74 MB capacity,   100.88 MB ( 97%) used,     2.48 MB (  2%) free+waste,   387.38 KB ( <1%) overhead. 

Virtual space:
  Non-class space:       92.00 MB reserved,      90.58 MB ( 98%) committed 
      Class space:        1.00 GB reserved,      13.25 MB (  1%) committed 
             Both:        1.09 GB reserved,     103.83 MB (  9%) committed 

Chunk freelists:
   Non-Class:  3.00 KB
       Class:  1.00 KB
        Both:  4.00 KB

MaxMetaspaceSize: 17179869184.00 GB
CompressedClassSpaceSize: 1.00 GB

CodeHeap 'non-profiled nmethods': size=120064Kb used=12602Kb max_used=12602Kb free=107461Kb
 bounds [0x0000027fa2960000, 0x0000027fa35b0000, 0x0000027fa9ea0000]
CodeHeap 'profiled nmethods': size=120000Kb used=37539Kb max_used=37539Kb free=82460Kb
 bounds [0x0000027f9b430000, 0x0000027f9d8e0000, 0x0000027fa2960000]
CodeHeap 'non-nmethods': size=5696Kb used=2326Kb max_used=2387Kb free=3369Kb
 bounds [0x0000027f9aea0000, 0x0000027f9b110000, 0x0000027f9b430000]
 total_blobs=17376 nmethods=16434 adapters=853
 compilation: enabled
              stopped_count=0, restarted_count=0
 full_count=0

Compilation events (20 events):
Event: 1954.773 Thread 0x0000027fb16da000 nmethod 16779 0x0000027fa35a7b90 code [0x0000027fa35a7d40, 0x0000027fa35a7dd8]
Event: 1954.773 Thread 0x0000027fb16da000 16780       1       org.codehaus.groovy.classgen.asm.CompileStack::access$200 (5 bytes)
Event: 1954.773 Thread 0x0000027fb16da000 nmethod 16780 0x0000027fa35a7e90 code [0x0000027fa35a8040, 0x0000027fa35a80d8]
Event: 1954.773 Thread 0x0000027fb16da000 16781       1       org.codehaus.groovy.classgen.asm.CompileStack::access$300 (5 bytes)
Event: 1954.774 Thread 0x0000027fb16da000 nmethod 16781 0x0000027fa35a8190 code [0x0000027fa35a8340, 0x0000027fa35a83d8]
Event: 1954.774 Thread 0x0000027fb16da000 16782       1       org.codehaus.groovy.classgen.asm.CompileStack::access$400 (5 bytes)
Event: 1954.774 Thread 0x0000027fb16da000 nmethod 16782 0x0000027fa35a8490 code [0x0000027fa35a8640, 0x0000027fa35a86d8]
Event: 1954.774 Thread 0x0000027fb16da000 16783       1       org.codehaus.groovy.classgen.asm.CompileStack::access$500 (5 bytes)
Event: 1954.774 Thread 0x0000027fb16da000 nmethod 16783 0x0000027fa35a8790 code [0x0000027fa35a8940, 0x0000027fa35a89d8]
Event: 1954.774 Thread 0x0000027fb16da000 16784       1       org.codehaus.groovy.classgen.asm.CompileStack::access$600 (5 bytes)
Event: 1954.774 Thread 0x0000027fb16da000 nmethod 16784 0x0000027fa35a8a90 code [0x0000027fa35a8c40, 0x0000027fa35a8cd8]
Event: 1954.774 Thread 0x0000027fb16da000 16777       1       org.codehaus.groovy.ast.MethodNode::getExceptions (5 bytes)
Event: 1954.774 Thread 0x0000027fb16da000 nmethod 16777 0x0000027fa35a8d90 code [0x0000027fa35a8f40, 0x0000027fa35a8ff8]
Event: 1954.774 Thread 0x0000027fb16da000 16785       1       org.codehaus.groovy.ast.expr.ConstantExpression::getConstantName (5 bytes)
Event: 1954.774 Thread 0x0000027fb16da000 nmethod 16785 0x0000027fa35a9090 code [0x0000027fa35a9240, 0x0000027fa35a92f8]
Event: 1954.774 Thread 0x0000027fb8c68800 nmethod 16756 0x0000027fa35a9390 code [0x0000027fa35a9580, 0x0000027fa35a9e28]
Event: 1954.774 Thread 0x0000027fb8c68800 16776       4       groovyjarjarasm.asm.ByteVector::putByte (39 bytes)
Event: 1954.777 Thread 0x0000027fb8c68800 nmethod 16776 0x0000027fa35aa390 code [0x0000027fa35aa540, 0x0000027fa35aa668]
Event: 1954.777 Thread 0x0000027fb8c68800 16763       4       org.codehaus.groovy.ast.decompiled.DecompiledClassNode::getUnresolvedSuperClass (10 bytes)
Event: 1954.784 Thread 0x0000027fb16d3800 nmethod 16762 0x0000027fa35aa790 code [0x0000027fa35aaa20, 0x0000027fa35ac1a8]

GC Heap History (20 events):
Event: 508.524 GC heap before
{Heap before GC invocations=66 (full 0):
 garbage-first heap   total 157696K, used 112272K [0x0000000080000000, 0x0000000100000000)
  region size 1024K, 7 young (7168K), 1 survivors (1024K)
 Metaspace       used 102281K, capacity 105181K, committed 105424K, reserved 1140736K
  class space    used 12460K, capacity 13392K, committed 13440K, reserved 1048576K
}
Event: 508.546 GC heap after
{Heap after GC invocations=67 (full 0):
 garbage-first heap   total 157696K, used 95156K [0x0000000080000000, 0x0000000100000000)
  region size 1024K, 1 young (1024K), 1 survivors (1024K)
 Metaspace       used 102281K, capacity 105181K, committed 105424K, reserved 1140736K
  class space    used 12460K, capacity 13392K, committed 13440K, reserved 1048576K
}
Event: 509.726 GC heap before
{Heap before GC invocations=67 (full 0):
 garbage-first heap   total 157696K, used 101300K [0x0000000080000000, 0x0000000100000000)
  region size 1024K, 7 young (7168K), 1 survivors (1024K)
 Metaspace       used 102377K, capacity 105217K, committed 105424K, reserved 1140736K
  class space    used 12472K, capacity 13403K, committed 13440K, reserved 1048576K
}
Event: 509.740 GC heap after
{Heap after GC invocations=68 (full 0):
 garbage-first heap   total 189440K, used 95539K [0x0000000080000000, 0x0000000100000000)
  region size 1024K, 1 young (1024K), 1 survivors (1024K)
 Metaspace       used 102377K, capacity 105217K, committed 105424K, reserved 1140736K
  class space    used 12472K, capacity 13403K, committed 13440K, reserved 1048576K
}
Event: 511.825 GC heap before
{Heap before GC invocations=68 (full 0):
 garbage-first heap   total 189440K, used 142643K [0x0000000080000000, 0x0000000100000000)
  region size 1024K, 48 young (49152K), 1 survivors (1024K)
 Metaspace       used 102432K, capacity 105288K, committed 105424K, reserved 1140736K
  class space    used 12472K, capacity 13404K, committed 13440K, reserved 1048576K
}
Event: 511.833 GC heap after
{Heap after GC invocations=69 (full 0):
 garbage-first heap   total 189440K, used 97749K [0x0000000080000000, 0x0000000100000000)
  region size 1024K, 4 young (4096K), 4 survivors (4096K)
 Metaspace       used 102432K, capacity 105288K, committed 105424K, reserved 1140736K
  class space    used 12472K, capacity 13404K, committed 13440K, reserved 1048576K
}
Event: 512.698 GC heap before
{Heap before GC invocations=69 (full 0):
 garbage-first heap   total 189440K, used 145877K [0x0000000080000000, 0x0000000100000000)
  region size 1024K, 51 young (52224K), 4 survivors (4096K)
 Metaspace       used 102565K, capacity 105456K, committed 105808K, reserved 1142784K
  class space    used 12491K, capacity 13455K, committed 13568K, reserved 1048576K
}
Event: 512.710 GC heap after
{Heap after GC invocations=70 (full 0):
 garbage-first heap   total 189440K, used 100501K [0x0000000080000000, 0x0000000100000000)
  region size 1024K, 6 young (6144K), 6 survivors (6144K)
 Metaspace       used 102565K, capacity 105456K, committed 105808K, reserved 1142784K
  class space    used 12491K, capacity 13455K, committed 13568K, reserved 1048576K
}
Event: 791.756 GC heap before
{Heap before GC invocations=70 (full 0):
 garbage-first heap   total 189440K, used 148629K [0x0000000080000000, 0x0000000100000000)
  region size 1024K, 54 young (55296K), 6 survivors (6144K)
 Metaspace       used 102906K, capacity 105919K, committed 106064K, reserved 1142784K
  class space    used 12514K, capacity 13487K, committed 13568K, reserved 1048576K
}
Event: 791.774 GC heap after
{Heap after GC invocations=71 (full 0):
 garbage-first heap   total 189440K, used 104187K [0x0000000080000000, 0x0000000100000000)
  region size 1024K, 7 young (7168K), 7 survivors (7168K)
 Metaspace       used 102906K, capacity 105919K, committed 106064K, reserved 1142784K
  class space    used 12514K, capacity 13487K, committed 13568K, reserved 1048576K
}
Event: 792.192 GC heap before
{Heap before GC invocations=71 (full 0):
 garbage-first heap   total 189440K, used 151291K [0x0000000080000000, 0x0000000100000000)
  region size 1024K, 54 young (55296K), 7 survivors (7168K)
 Metaspace       used 102927K, capacity 105919K, committed 106064K, reserved 1142784K
  class space    used 12514K, capacity 13487K, committed 13568K, reserved 1048576K
}
Event: 792.205 GC heap after
{Heap after GC invocations=72 (full 0):
 garbage-first heap   total 189440K, used 105834K [0x0000000080000000, 0x0000000100000000)
  region size 1024K, 2 young (2048K), 2 survivors (2048K)
 Metaspace       used 102927K, capacity 105919K, committed 106064K, reserved 1142784K
  class space    used 12514K, capacity 13487K, committed 13568K, reserved 1048576K
}
Event: 795.081 GC heap before
{Heap before GC invocations=72 (full 0):
 garbage-first heap   total 189440K, used 152938K [0x0000000080000000, 0x0000000100000000)
  region size 1024K, 49 young (50176K), 2 survivors (2048K)
 Metaspace       used 102999K, capacity 106025K, committed 106320K, reserved 1142784K
  class space    used 12521K, capacity 13499K, committed 13568K, reserved 1048576K
}
Event: 795.092 GC heap after
{Heap after GC invocations=73 (full 0):
 garbage-first heap   total 189440K, used 107446K [0x0000000080000000, 0x0000000100000000)
  region size 1024K, 4 young (4096K), 4 survivors (4096K)
 Metaspace       used 102999K, capacity 106025K, committed 106320K, reserved 1142784K
  class space    used 12521K, capacity 13499K, committed 13568K, reserved 1048576K
}
Event: 795.797 GC heap before
{Heap before GC invocations=73 (full 0):
 garbage-first heap   total 189440K, used 154550K [0x0000000080000000, 0x0000000100000000)
  region size 1024K, 51 young (52224K), 4 survivors (4096K)
 Metaspace       used 103007K, capacity 106025K, committed 106320K, reserved 1142784K
  class space    used 12521K, capacity 13499K, committed 13568K, reserved 1048576K
}
Event: 795.807 GC heap after
{Heap after GC invocations=74 (full 0):
 garbage-first heap   total 189440K, used 109688K [0x0000000080000000, 0x0000000100000000)
  region size 1024K, 6 young (6144K), 6 survivors (6144K)
 Metaspace       used 103007K, capacity 106025K, committed 106320K, reserved 1142784K
  class space    used 12521K, capacity 13499K, committed 13568K, reserved 1048576K
}
Event: 796.415 GC heap before
{Heap before GC invocations=74 (full 0):
 garbage-first heap   total 189440K, used 155768K [0x0000000080000000, 0x0000000100000000)
  region size 1024K, 52 young (53248K), 6 survivors (6144K)
 Metaspace       used 103079K, capacity 106028K, committed 106320K, reserved 1142784K
  class space    used 12521K, capacity 13499K, committed 13568K, reserved 1048576K
}
Event: 796.429 GC heap after
{Heap after GC invocations=75 (full 0):
 garbage-first heap   total 189440K, used 112367K [0x0000000080000000, 0x0000000100000000)
  region size 1024K, 6 young (6144K), 6 survivors (6144K)
 Metaspace       used 103079K, capacity 106028K, committed 106320K, reserved 1142784K
  class space    used 12521K, capacity 13499K, committed 13568K, reserved 1048576K
}
Event: 1688.889 GC heap before
{Heap before GC invocations=75 (full 0):
 garbage-first heap   total 189440K, used 156399K [0x0000000080000000, 0x0000000100000000)
  region size 1024K, 50 young (51200K), 6 survivors (6144K)
 Metaspace       used 103188K, capacity 106101K, committed 106320K, reserved 1142784K
  class space    used 12524K, capacity 13502K, committed 13568K, reserved 1048576K
}
Event: 1688.902 GC heap after
{Heap after GC invocations=76 (full 0):
 garbage-first heap   total 189440K, used 113815K [0x0000000080000000, 0x0000000100000000)
  region size 1024K, 3 young (3072K), 3 survivors (3072K)
 Metaspace       used 103188K, capacity 106101K, committed 106320K, reserved 1142784K
  class space    used 12524K, capacity 13502K, committed 13568K, reserved 1048576K
}

Deoptimization events (20 events):
Event: 1954.608 Thread 0x0000027fb438e800 Uncommon trap: trap_request=0xffffffbe fr.pc=0x0000027fa348c45c relative=0x000000000000081c
Event: 1954.608 Thread 0x0000027fb438e800 Uncommon trap: reason=profile_predicate action=maybe_recompile pc=0x0000027fa348c45c method=groovy.lang.MetaClassImpl$MethodIndexAction.iterate()V @ 78 c2
Event: 1954.608 Thread 0x0000027fb438e800 DEOPT PACKING pc=0x0000027fa348c45c sp=0x0000009c7b6fb040
Event: 1954.608 Thread 0x0000027fb438e800 DEOPT UNPACKING pc=0x0000027f9aec782f sp=0x0000009c7b6fb028 mode 2
Event: 1954.613 Thread 0x0000027fb438e800 Uncommon trap: trap_request=0xffffffd6 fr.pc=0x0000027fa3587818 relative=0x00000000000007b8
Event: 1954.614 Thread 0x0000027fb438e800 Uncommon trap: reason=array_check action=maybe_recompile pc=0x0000027fa3587818 method=java.util.ComparableTimSort.binarySort([Ljava/lang/Object;III)V @ 193 c2
Event: 1954.614 Thread 0x0000027fb438e800 DEOPT PACKING pc=0x0000027fa3587818 sp=0x0000009c7b6fb230
Event: 1954.614 Thread 0x0000027fb438e800 DEOPT UNPACKING pc=0x0000027f9aec782f sp=0x0000009c7b6fb1d0 mode 2
Event: 1954.624 Thread 0x0000027fb438e800 Uncommon trap: trap_request=0xffffffd6 fr.pc=0x0000027fa3587818 relative=0x00000000000007b8
Event: 1954.624 Thread 0x0000027fb438e800 Uncommon trap: reason=array_check action=maybe_recompile pc=0x0000027fa3587818 method=java.util.ComparableTimSort.binarySort([Ljava/lang/Object;III)V @ 193 c2
Event: 1954.624 Thread 0x0000027fb438e800 DEOPT PACKING pc=0x0000027fa3587818 sp=0x0000009c7b6fa110
Event: 1954.624 Thread 0x0000027fb438e800 DEOPT UNPACKING pc=0x0000027f9aec782f sp=0x0000009c7b6fa0b0 mode 2
Event: 1954.711 Thread 0x0000027fb438e800 Uncommon trap: trap_request=0x00000027 fr.pc=0x0000027fa3313afc relative=0x00000000000006fc
Event: 1954.711 Thread 0x0000027fb438e800 Uncommon trap: reason=unloaded action=reinterpret pc=0x0000027fa3313afc method=org.gradle.cache.internal.LockOnDemandCrossProcessCacheAccess.incrementLockCount()V @ 109 c2
Event: 1954.712 Thread 0x0000027fb438e800 DEOPT PACKING pc=0x0000027fa3313afc sp=0x0000009c7b6f68b0
Event: 1954.712 Thread 0x0000027fb438e800 DEOPT UNPACKING pc=0x0000027f9aec782f sp=0x0000009c7b6f6898 mode 2
Event: 1954.744 Thread 0x0000027fb438e800 Uncommon trap: trap_request=0xffffff4d fr.pc=0x0000027fa308f270 relative=0x0000000000000d10
Event: 1954.744 Thread 0x0000027fb438e800 Uncommon trap: reason=unstable_if action=reinterpret pc=0x0000027fa308f270 method=java.io.StringReader.read()I @ 19 c2
Event: 1954.744 Thread 0x0000027fb438e800 DEOPT PACKING pc=0x0000027fa308f270 sp=0x0000009c7b6f7810
Event: 1954.744 Thread 0x0000027fb438e800 DEOPT UNPACKING pc=0x0000027f9aec782f sp=0x0000009c7b6f76f8 mode 2

Classes redefined (0 events):
No events

Internal exceptions (20 events):
Event: 792.885 Thread 0x0000027fb40a9800 Exception <a 'sun/nio/fs/WindowsException'{0x000000008a5b1390}> (0x000000008a5b1390) thrown at [./src/hotspot/share/prims/jni.cpp, line 615]
Event: 792.885 Thread 0x0000027fb40a9800 Exception <a 'sun/nio/fs/WindowsException'{0x000000008a5b1410}> (0x000000008a5b1410) thrown at [./src/hotspot/share/prims/jni.cpp, line 615]
Event: 792.885 Thread 0x0000027fb40a9800 Exception <a 'sun/nio/fs/WindowsException'{0x000000008a5b32a0}> (0x000000008a5b32a0) thrown at [./src/hotspot/share/prims/jni.cpp, line 615]
Event: 792.885 Thread 0x0000027fb40a9800 Exception <a 'sun/nio/fs/WindowsException'{0x000000008a5b3320}> (0x000000008a5b3320) thrown at [./src/hotspot/share/prims/jni.cpp, line 615]
Event: 792.886 Thread 0x0000027fb40a9800 Exception <a 'sun/nio/fs/WindowsException'{0x000000008a5b6050}> (0x000000008a5b6050) thrown at [./src/hotspot/share/prims/jni.cpp, line 615]
Event: 792.886 Thread 0x0000027fb40a9800 Exception <a 'sun/nio/fs/WindowsException'{0x000000008a5b60d0}> (0x000000008a5b60d0) thrown at [./src/hotspot/share/prims/jni.cpp, line 615]
Event: 792.886 Thread 0x0000027fb40a9800 Exception <a 'sun/nio/fs/WindowsException'{0x000000008a5b8268}> (0x000000008a5b8268) thrown at [./src/hotspot/share/prims/jni.cpp, line 615]
Event: 792.886 Thread 0x0000027fb40a9800 Exception <a 'sun/nio/fs/WindowsException'{0x000000008a5b82e8}> (0x000000008a5b82e8) thrown at [./src/hotspot/share/prims/jni.cpp, line 615]
Event: 792.886 Thread 0x0000027fb40a9800 Exception <a 'sun/nio/fs/WindowsException'{0x000000008a5bb3d8}> (0x000000008a5bb3d8) thrown at [./src/hotspot/share/prims/jni.cpp, line 615]
Event: 792.887 Thread 0x0000027fb40a9800 Exception <a 'sun/nio/fs/WindowsException'{0x000000008a5bb458}> (0x000000008a5bb458) thrown at [./src/hotspot/share/prims/jni.cpp, line 615]
Event: 792.887 Thread 0x0000027fb40a9800 Exception <a 'sun/nio/fs/WindowsException'{0x000000008a5bd8e0}> (0x000000008a5bd8e0) thrown at [./src/hotspot/share/prims/jni.cpp, line 615]
Event: 792.887 Thread 0x0000027fb40a9800 Exception <a 'sun/nio/fs/WindowsException'{0x000000008a5bd960}> (0x000000008a5bd960) thrown at [./src/hotspot/share/prims/jni.cpp, line 615]
Event: 792.887 Thread 0x0000027fb40a9800 Exception <a 'sun/nio/fs/WindowsException'{0x000000008a5c0ad0}> (0x000000008a5c0ad0) thrown at [./src/hotspot/share/prims/jni.cpp, line 615]
Event: 792.887 Thread 0x0000027fb40a9800 Exception <a 'sun/nio/fs/WindowsException'{0x000000008a5c0b50}> (0x000000008a5c0b50) thrown at [./src/hotspot/share/prims/jni.cpp, line 615]
Event: 792.887 Thread 0x0000027fb40a9800 Exception <a 'sun/nio/fs/WindowsException'{0x000000008a5c3000}> (0x000000008a5c3000) thrown at [./src/hotspot/share/prims/jni.cpp, line 615]
Event: 792.888 Thread 0x0000027fb40a9800 Exception <a 'sun/nio/fs/WindowsException'{0x000000008a5c3080}> (0x000000008a5c3080) thrown at [./src/hotspot/share/prims/jni.cpp, line 615]
Event: 1954.609 Thread 0x0000027fb438e800 Exception <a 'java/lang/ClassNotFoundException'{0x000000008b269eb0}: sync_studio_tooling5_zua79dl7y8i9rmn26u6vm7erBeanInfo> (0x000000008b269eb0) thrown at [./src/hotspot/share/classfile/systemDictionary.cpp, line 231]
Event: 1954.610 Thread 0x0000027fb438e800 Exception <a 'java/lang/ClassNotFoundException'{0x000000008b2732c8}: sync_studio_tooling5_zua79dl7y8i9rmn26u6vm7erCustomizer> (0x000000008b2732c8) thrown at [./src/hotspot/share/classfile/systemDictionary.cpp, line 231]
Event: 1954.660 Thread 0x0000027fb438e800 Exception <a 'java/lang/ClassNotFoundException'{0x000000008b138e38}: sync_studio_tooling5_zua79dl7y8i9rmn26u6vm7erBeanInfo> (0x000000008b138e38) thrown at [./src/hotspot/share/classfile/systemDictionary.cpp, line 231]
Event: 1954.660 Thread 0x0000027fb438e800 Exception <a 'java/lang/ClassNotFoundException'{0x000000008b1421c8}: sync_studio_tooling5_zua79dl7y8i9rmn26u6vm7erCustomizer> (0x000000008b1421c8) thrown at [./src/hotspot/share/classfile/systemDictionary.cpp, line 231]

Events (20 events):
Event: 1954.659 loading class sync_studio_tooling5_zua79dl7y8i9rmn26u6vm7erBeanInfo
Event: 1954.659 loading class sync_studio_tooling5_zua79dl7y8i9rmn26u6vm7erBeanInfo done
Event: 1954.660 loading class sync_studio_tooling5_zua79dl7y8i9rmn26u6vm7erBeanInfo
Event: 1954.660 loading class sync_studio_tooling5_zua79dl7y8i9rmn26u6vm7erBeanInfo done
Event: 1954.660 loading class sync_studio_tooling5_zua79dl7y8i9rmn26u6vm7erCustomizer
Event: 1954.660 loading class sync_studio_tooling5_zua79dl7y8i9rmn26u6vm7erCustomizer done
Event: 1954.660 loading class sync_studio_tooling5_zua79dl7y8i9rmn26u6vm7erCustomizer
Event: 1954.660 loading class sync_studio_tooling5_zua79dl7y8i9rmn26u6vm7erCustomizer done
Event: 1954.663 loading class groovy/runtime/metaclass/sync_studio_tooling5_zua79dl7y8i9rmn26u6vm7er$_run_closure1MetaClass
Event: 1954.663 loading class groovy/runtime/metaclass/sync_studio_tooling5_zua79dl7y8i9rmn26u6vm7er$_run_closure1MetaClass done
Event: 1954.683 Thread 0x0000027fb8c68800 Thread added: 0x0000027fb8c68800
Event: 1954.710 Thread 0x0000027fb8c6a000 Thread added: 0x0000027fb8c6a000
Event: 1954.711 loading class org/gradle/cache/internal/LockOnDemandCrossProcessCacheAccess$1
Event: 1954.711 loading class org/gradle/cache/internal/LockOnDemandCrossProcessCacheAccess$1 done
Event: 1954.744 Executing VM operation: RevokeBias
Event: 1954.744 Executing VM operation: RevokeBias done
Event: 1954.752 loading class org/codehaus/groovy/transform/BaseScriptASTTransformation
Event: 1954.752 loading class org/codehaus/groovy/transform/BaseScriptASTTransformation done
Event: 1954.757 loading class org/gradle/api/internal/project/ProjectScript
Event: 1954.757 loading class org/gradle/api/internal/project/ProjectScript done


Dynamic libraries:
0x00007ff60fc70000 - 0x00007ff60fc7a000 	C:\Program Files\Android\Android Studio\jre\bin\java.exe
0x00007ffe55d70000 - 0x00007ffe55f64000 	C:\Windows\SYSTEM32\ntdll.dll
0x00007ffe54ec0000 - 0x00007ffe54f7d000 	C:\Windows\System32\KERNEL32.DLL
0x00007ffe536f0000 - 0x00007ffe539b7000 	C:\Windows\System32\KERNELBASE.dll
0x00007ffe53b20000 - 0x00007ffe53c20000 	C:\Windows\System32\ucrtbase.dll
0x00007ffe452a0000 - 0x00007ffe452b7000 	C:\Program Files\Android\Android Studio\jre\bin\VCRUNTIME140.dll
0x00007ffe30520000 - 0x00007ffe30539000 	C:\Program Files\Android\Android Studio\jre\bin\jli.dll
0x00007ffe54410000 - 0x00007ffe545b0000 	C:\Windows\System32\USER32.dll
0x00007ffe40a60000 - 0x00007ffe40cfa000 	C:\Windows\WinSxS\amd64_microsoft.windows.common-controls_6595b64144ccf1df_6.0.19041.1_none_b555e41d4684ddec\COMCTL32.dll
0x00007ffe536c0000 - 0x00007ffe536e2000 	C:\Windows\System32\win32u.dll
0x00007ffe55060000 - 0x00007ffe550fe000 	C:\Windows\System32\msvcrt.dll
0x00007ffe55a90000 - 0x00007ffe55aba000 	C:\Windows\System32\GDI32.dll
0x00007ffe53560000 - 0x00007ffe53669000 	C:\Windows\System32\gdi32full.dll
0x00007ffe534c0000 - 0x00007ffe5355d000 	C:\Windows\System32\msvcp_win.dll
0x00007ffe55a60000 - 0x00007ffe55a90000 	C:\Windows\System32\IMM32.DLL
0x00007ffe34ea0000 - 0x00007ffe34f3d000 	C:\Program Files\Android\Android Studio\jre\bin\msvcp140.dll
0x00007ffe21c00000 - 0x00007ffe226cf000 	C:\Program Files\Android\Android Studio\jre\bin\server\jvm.dll
0x00007ffe54f80000 - 0x00007ffe5502a000 	C:\Windows\System32\ADVAPI32.dll
0x00007ffe54e20000 - 0x00007ffe54ebb000 	C:\Windows\System32\sechost.dll
0x00007ffe54bc0000 - 0x00007ffe54ce3000 	C:\Windows\System32\RPCRT4.dll
0x00007ffe55030000 - 0x00007ffe55038000 	C:\Windows\System32\PSAPI.DLL
0x00007ffe4d310000 - 0x00007ffe4d319000 	C:\Windows\SYSTEM32\WSOCK32.dll
0x00007ffe43630000 - 0x00007ffe43657000 	C:\Windows\SYSTEM32\WINMM.dll
0x00007ffe55850000 - 0x00007ffe558bb000 	C:\Windows\System32\WS2_32.dll
0x00007ffe47e60000 - 0x00007ffe47e6a000 	C:\Windows\SYSTEM32\VERSION.dll
0x00007ffe51450000 - 0x00007ffe51463000 	C:\Windows\SYSTEM32\kernel.appcore.dll
0x00007ffe44c30000 - 0x00007ffe44c41000 	C:\Program Files\Android\Android Studio\jre\bin\verify.dll
0x00007ffe46c00000 - 0x00007ffe46de4000 	C:\Windows\SYSTEM32\DBGHELP.DLL
0x00007ffe46bd0000 - 0x00007ffe46bfc000 	C:\Windows\SYSTEM32\dbgcore.DLL
0x00007ffe53d60000 - 0x00007ffe53ddf000 	C:\Windows\System32\bcryptPrimitives.dll
0x00007ffe3c620000 - 0x00007ffe3c649000 	C:\Program Files\Android\Android Studio\jre\bin\java.dll
0x00007ffe45290000 - 0x00007ffe4529b000 	C:\Program Files\Android\Android Studio\jre\bin\jimage.dll
0x00007ffe43700000 - 0x00007ffe43718000 	C:\Program Files\Android\Android Studio\jre\bin\zip.dll
0x00007ffe55100000 - 0x00007ffe55831000 	C:\Windows\System32\SHELL32.dll
0x00007ffe51650000 - 0x00007ffe51dda000 	C:\Windows\SYSTEM32\windows.storage.dll
0x00007ffe54000000 - 0x00007ffe54354000 	C:\Windows\System32\combase.dll
0x00007ffe52f40000 - 0x00007ffe52f6b000 	C:\Windows\SYSTEM32\Wldp.dll
0x00007ffe54360000 - 0x00007ffe5440e000 	C:\Windows\System32\SHCORE.dll
0x00007ffe545b0000 - 0x00007ffe54605000 	C:\Windows\System32\shlwapi.dll
0x00007ffe53400000 - 0x00007ffe5341f000 	C:\Windows\SYSTEM32\profapi.dll
0x00007ffe3ce30000 - 0x00007ffe3ce4a000 	C:\Program Files\Android\Android Studio\jre\bin\net.dll
0x00007ffe4a9c0000 - 0x00007ffe4aac0000 	C:\Windows\SYSTEM32\WINHTTP.dll
0x00007ffe52cc0000 - 0x00007ffe52d2a000 	C:\Windows\system32\mswsock.dll
0x00007ffe3c580000 - 0x00007ffe3c594000 	C:\Program Files\Android\Android Studio\jre\bin\nio.dll
0x00007ffe452e0000 - 0x00007ffe45306000 	C:\Users\DELL\.gradle\native\31\windows-amd64\native-platform.dll
0x00007ffe44c20000 - 0x00007ffe44c2a000 	C:\Program Files\Android\Android Studio\jre\bin\management.dll
0x00007ffe43950000 - 0x00007ffe4395c000 	C:\Program Files\Android\Android Studio\jre\bin\management_ext.dll
0x00007ffe52e90000 - 0x00007ffe52ea8000 	C:\Windows\SYSTEM32\CRYPTSP.dll
0x00007ffe525e0000 - 0x00007ffe52614000 	C:\Windows\system32\rsaenh.dll
0x00007ffe53cd0000 - 0x00007ffe53cf7000 	C:\Windows\System32\bcrypt.dll
0x00007ffe53380000 - 0x00007ffe533ae000 	C:\Windows\SYSTEM32\USERENV.dll
0x00007ffe52eb0000 - 0x00007ffe52ebc000 	C:\Windows\SYSTEM32\CRYPTBASE.dll
0x00007ffe52960000 - 0x00007ffe5299b000 	C:\Windows\SYSTEM32\IPHLPAPI.DLL
0x00007ffe55840000 - 0x00007ffe55849000 	C:\Windows\System32\NSI.dll
0x00007ffe4c330000 - 0x00007ffe4c347000 	C:\Windows\SYSTEM32\dhcpcsvc6.DLL
0x00007ffe4c850000 - 0x00007ffe4c86d000 	C:\Windows\SYSTEM32\dhcpcsvc.DLL
0x00007ffe529a0000 - 0x00007ffe52a6a000 	C:\Windows\SYSTEM32\DNSAPI.dll
0x00007ffe36fb0000 - 0x00007ffe36fd7000 	C:\Program Files\Android\Android Studio\jre\bin\sunec.dll
0x00007ffe4a930000 - 0x00007ffe4a93a000 	C:\Windows\System32\rasadhlp.dll
0x00007ffe4a940000 - 0x00007ffe4a9bf000 	C:\Windows\System32\fwpuclnt.dll

dbghelp: loaded successfully - version: 4.0.5 - missing functions: none
symbol engine: initialized successfully - sym options: 0x614 - pdb path: .;C:\Program Files\Android\Android Studio\jre\bin;C:\Windows\SYSTEM32;C:\Windows\WinSxS\amd64_microsoft.windows.common-controls_6595b64144ccf1df_6.0.19041.1_none_b555e41d4684ddec;C:\Program Files\Android\Android Studio\jre\bin\server;C:\Users\DELL\.gradle\native\31\windows-amd64

VM Arguments:
jvm_args: --add-opens=java.base/java.util=ALL-UNNAMED --add-opens=java.base/java.lang=ALL-UNNAMED --add-opens=java.base/java.lang.invoke=ALL-UNNAMED --add-opens=java.prefs/java.util.prefs=ALL-UNNAMED -Xmx2048m -Dfile.encoding=windows-1252 -Duser.country=US -Duser.language=en -Duser.variant 
java_command: org.gradle.launcher.daemon.bootstrap.GradleDaemon 6.1.1
java_class_path (initial): C:\Users\DELL\.gradle\wrapper\dists\gradle-6.1.1-all\cfmwm155h49vnt3hynmlrsdst\gradle-6.1.1\lib\gradle-launcher-6.1.1.jar
Launcher Type: SUN_STANDARD

[Global flags]
     intx CICompilerCount                          = 3                                         {product} {ergonomic}
     uint ConcGCThreads                            = 1                                         {product} {ergonomic}
     uint G1ConcRefinementThreads                  = 4                                         {product} {ergonomic}
   size_t G1HeapRegionSize                         = 1048576                                   {product} {ergonomic}
    uintx GCDrainStackTargetSize                   = 64                                        {product} {ergonomic}
   size_t InitialHeapSize                          = 134217728                                 {product} {ergonomic}
   size_t MarkStackSize                            = 4194304                                   {product} {ergonomic}
   size_t MaxHeapSize                              = 2147483648                                {product} {command line}
   size_t MaxNewSize                               = 1287651328                                {product} {ergonomic}
   size_t MinHeapDeltaBytes                        = 1048576                                   {product} {ergonomic}
    uintx NonNMethodCodeHeapSize                   = 5830732                                {pd product} {ergonomic}
    uintx NonProfiledCodeHeapSize                  = 122913754                              {pd product} {ergonomic}
    uintx ProfiledCodeHeapSize                     = 122913754                              {pd product} {ergonomic}
    uintx ReservedCodeCacheSize                    = 251658240                              {pd product} {ergonomic}
     bool SegmentedCodeCache                       = true                                      {product} {ergonomic}
     bool UseCompressedClassPointers               = true                                 {lp64_product} {ergonomic}
     bool UseCompressedOops                        = true                                 {lp64_product} {ergonomic}
     bool UseG1GC                                  = true                                      {product} {ergonomic}
     bool UseLargePagesIndividualAllocation        = false                                  {pd product} {ergonomic}

Logging:
Log output configuration:
 #0: stdout all=warning uptime,level,tags
 #1: stderr all=off uptime,level,tags

Environment Variables:
JAVA_HOME=C:\Program Files\Java\jdk-17
PATH=C:\Program Files\Java\jdk-17\bin;C:\Program Files\Common Files\Oracle\Java\javapath;C:\Windows\system32;C:\Windows;C:\Windows\System32\Wbem;C:\Windows\System32\WindowsPowerShell\v1.0\;C:\Windows\System32\OpenSSH\;C:\Program Files\Git\cmd;C:\Users\DELL\AppData\Local\Microsoft\WindowsApps;
USERNAME=DELL
OS=Windows_NT
PROCESSOR_IDENTIFIER=Intel64 Family 6 Model 42 Stepping 7, GenuineIntel



---------------  S Y S T E M  ---------------

OS: Windows 10 , 64 bit Build 19041 (10.0.19041.207)
OS uptime: 5 days 18:30 hours

CPU:total 4 (initial active 4) (2 cores per cpu, 2 threads per core) family 6 model 42 stepping 7 microcode 0x2f, cmov, cx8, fxsr, mmx, sse, sse2, sse3, ssse3, sse4.1, sse4.2, popcnt, avx, aes, clmul, ht, tsc, tscinvbit

Memory: 4k page, system-wide physical 8089M (1103M free)
TotalPageFile size 11030M (AvailPageFile size 2860M)
current process WorkingSet (physical memory assigned to process): 432M, peak: 484M
current process commit charge ("private bytes"): 508M, peak: 514M

vm_info: OpenJDK 64-Bit Server VM (11.0.10+0-b96-7249189) for windows-amd64 JRE (11.0.10+0-b96-7249189), built on Mar 31 2021 21:44:00 by "builder" with MS VC++ 14.0 (VS2015)

END.
